<?xml version="1.0" encoding="UTF-8"?>
<!-- Generated by org.testng.reporters.JUnitReportReporter -->
<testsuite skipped="0" hostname="WINDOWS-7UPEOK9" name="Frameworks.DataDrivenFramework.FirstAutomateProgram" tests="1" failures="0" timestamp="25 Aug 2020 09:14:06 GMT" time="12.778" errors="0">
  <testcase name="SalesforceLoginLogout" time="12.778" classname="Frameworks.DataDrivenFramework.FirstAutomateProgram"/>
</testsuite> <!-- Frameworks.DataDrivenFramework.FirstAutomateProgram -->
