<?xml version="1.0" encoding="UTF-8"?>
<!-- Generated by org.testng.reporters.JUnitReportReporter -->
<testsuite skipped="0" hostname="WINDOWS-7UPEOK9" name="Frameworks.DataDrivenFramework.FirstAutomateProgram" tests="1" failures="0" timestamp="24 Aug 2020 11:51:09 GMT" time="11.483" errors="0">
  <testcase name="SalesforceLoginLogout" time="11.483" classname="Frameworks.DataDrivenFramework.FirstAutomateProgram"/>
</testsuite> <!-- Frameworks.DataDrivenFramework.FirstAutomateProgram -->
