<?xml version="1.0" encoding="UTF-8"?>
<!-- Generated by org.testng.reporters.JUnitReportReporter -->
<testsuite skipped="0" hostname="WINDOWS-7UPEOK9" name="Frameworks.DataDrivenFramework.MeddoApointmentBooking" tests="1" failures="0" timestamp="18 Sep 2020 18:48:45 GMT" time="19.619" errors="0">
  <testcase name="Meddoonlinebooking" time="19.619" classname="Frameworks.DataDrivenFramework.MeddoApointmentBooking"/>
</testsuite> <!-- Frameworks.DataDrivenFramework.MeddoApointmentBooking -->
