<?xml version="1.0" encoding="UTF-8"?>
<!-- Generated by org.testng.reporters.JUnitReportReporter -->
<testsuite skipped="0" hostname="WINDOWS-7UPEOK9" name="Frameworks.DataDrivenFramework.FirstAutomateProgram" tests="1" failures="0" timestamp="31 Aug 2020 06:38:27 GMT" time="11.130" errors="0">
  <testcase name="SalesforceLoginLogout" time="11.130" classname="Frameworks.DataDrivenFramework.FirstAutomateProgram"/>
</testsuite> <!-- Frameworks.DataDrivenFramework.FirstAutomateProgram -->
