<?xml version="1.0" encoding="UTF-8"?>
<!-- Generated by org.testng.reporters.JUnitReportReporter -->
<testsuite skipped="0" hostname="WINDOWS-7UPEOK9" name="Frameworks.DataDrivenFramework.FirstAutomateProgram" tests="1" failures="0" timestamp="08 Sep 2020 09:39:58 GMT" time="30.793" errors="0">
  <testcase name="SalesforceLoginLogout" time="30.793" classname="Frameworks.DataDrivenFramework.FirstAutomateProgram"/>
</testsuite> <!-- Frameworks.DataDrivenFramework.FirstAutomateProgram -->
